<?xml version="1.0" encoding="UTF-8"?>
<!-- Generated by org.testng.reporters.JUnitXMLReporter -->
<testsuite hostname="LAPTOP-L45CF4AI" name="ChromeTest" tests="3" failures="0" timestamp="25 Sep 2018 05:49:55 GMT" time="28.659" errors="0">
  <testcase name="verifylogin" time="6.256" classname="com.zmarta.testcases.LoanPagetest"/>
  <testcase name="verifylogin" time="3.21" classname="com.zmarta.testcases.LoanPagetest"/>
  <testcase name="verifylogo" time="0.04" classname="com.zmarta.testcases.LoanPagetest"/>
</testsuite> <!-- ChromeTest -->
