<?xml version="1.0" encoding="UTF-8"?>
<!-- Generated by org.testng.reporters.JUnitXMLReporter -->
<testsuite hostname="LAPTOP-L45CF4AI" name="ChromeTest" tests="3" failures="0" timestamp="12 Sep 2018 11:47:04 GMT" time="36.566" errors="0">
  <testcase name="verifylogin" time="3.259" classname="com.zmarta.testcases.LoanPagetest"/>
  <testcase name="verifylogin" time="9.144" classname="com.zmarta.testcases.LoanPagetest"/>
  <testcase name="verifylogo" time="0.044" classname="com.zmarta.testcases.LoanPagetest"/>
</testsuite> <!-- ChromeTest -->
