<?xml version="1.0" encoding="UTF-8"?>
<testng-results skipped="0" failed="0" total="4" passed="4">
  <reporter-output>
  </reporter-output>
  <suite name="ZmartaAutomationTestSuite" duration-ms="19112" started-at="2018-11-16T08:37:50Z" finished-at="2018-11-16T08:38:09Z">
    <groups>
    </groups>
    <test name="ChromeTest" duration-ms="19112" started-at="2018-11-16T08:37:50Z" finished-at="2018-11-16T08:38:09Z">
      <class name="com.zmarta.testcases.LoanPagetest">
        <test-method status="PASS" signature="BrowserInitialisation(java.lang.String)[pri:0, instance:com.zmarta.testcases.LoanPagetest@4ed9f0]" name="BrowserInitialisation" is-config="true" duration-ms="11366" started-at="2018-11-16T14:07:50Z" finished-at="2018-11-16T14:08:01Z">
          <params>
            <param index="0">
              <value>
                <![CDATA[chrome]]>
              </value>
            </param>
          </params>
          <reporter-output>
          </reporter-output>
        </test-method> <!-- BrowserInitialisation -->
        <test-method status="PASS" signature="report()[pri:0, instance:com.zmarta.testcases.LoanPagetest@4ed9f0]" name="report" is-config="true" duration-ms="176" started-at="2018-11-16T14:08:01Z" finished-at="2018-11-16T14:08:01Z">
          <reporter-output>
          </reporter-output>
        </test-method> <!-- report -->
        <test-method status="PASS" signature="methodname(java.lang.reflect.Method)[pri:0, instance:com.zmarta.testcases.LoanPagetest@4ed9f0]" name="methodname" is-config="true" duration-ms="6" started-at="2018-11-16T14:08:02Z" finished-at="2018-11-16T14:08:02Z">
          <params>
            <param index="0">
              <value>
                <![CDATA[public void com.zmarta.testcases.LoanPagetest.VerifyLogin(java.lang.String,java.lang.String) throws java.lang.Exception]]>
              </value>
            </param>
          </params>
          <reporter-output>
          </reporter-output>
        </test-method> <!-- methodname -->
        <test-method status="PASS" signature="aetup()[pri:0, instance:com.zmarta.testcases.LoanPagetest@4ed9f0]" name="aetup" is-config="true" duration-ms="25" started-at="2018-11-16T14:08:02Z" finished-at="2018-11-16T14:08:02Z">
          <reporter-output>
          </reporter-output>
        </test-method> <!-- aetup -->
        <test-method status="PASS" signature="VerifyLogin(java.lang.String, java.lang.String)[pri:0, instance:com.zmarta.testcases.LoanPagetest@4ed9f0]" name="VerifyLogin" duration-ms="2855" started-at="2018-11-16T14:08:02Z" data-provider="testdata" finished-at="2018-11-16T14:08:05Z">
          <params>
            <param index="0">
              <value>
                <![CDATA[Abhinath]]>
              </value>
            </param>
            <param index="1">
              <value>
                <![CDATA[Binish]]>
              </value>
            </param>
          </params>
          <reporter-output>
          </reporter-output>
        </test-method> <!-- VerifyLogin -->
        <test-method status="PASS" signature="tearDown(org.testng.ITestResult)[pri:0, instance:com.zmarta.testcases.LoanPagetest@4ed9f0]" name="tearDown" is-config="true" duration-ms="437" started-at="2018-11-16T14:08:05Z" finished-at="2018-11-16T14:08:05Z">
          <params>
            <param index="0">
              <value>
                <![CDATA[[TestResult name=VerifyLogin status=SUCCESS method=LoanPagetest.VerifyLogin(java.lang.String, java.lang.String)[pri:0, instance:com.zmarta.testcases.LoanPagetest@4ed9f0] output={null}]]]>
              </value>
            </param>
          </params>
          <reporter-output>
          </reporter-output>
        </test-method> <!-- tearDown -->
        <test-method status="PASS" signature="methodname(java.lang.reflect.Method)[pri:0, instance:com.zmarta.testcases.LoanPagetest@4ed9f0]" name="methodname" is-config="true" duration-ms="1" started-at="2018-11-16T14:08:05Z" finished-at="2018-11-16T14:08:05Z">
          <params>
            <param index="0">
              <value>
                <![CDATA[public void com.zmarta.testcases.LoanPagetest.VerifyLogin(java.lang.String,java.lang.String) throws java.lang.Exception]]>
              </value>
            </param>
          </params>
          <reporter-output>
          </reporter-output>
        </test-method> <!-- methodname -->
        <test-method status="PASS" signature="aetup()[pri:0, instance:com.zmarta.testcases.LoanPagetest@4ed9f0]" name="aetup" is-config="true" duration-ms="0" started-at="2018-11-16T14:08:05Z" finished-at="2018-11-16T14:08:05Z">
          <reporter-output>
          </reporter-output>
        </test-method> <!-- aetup -->
        <test-method status="PASS" signature="VerifyLogin(java.lang.String, java.lang.String)[pri:0, instance:com.zmarta.testcases.LoanPagetest@4ed9f0]" name="VerifyLogin" duration-ms="2987" started-at="2018-11-16T14:08:05Z" data-provider="testdata" finished-at="2018-11-16T14:08:08Z">
          <params>
            <param index="0">
              <value>
                <![CDATA[Harish]]>
              </value>
            </param>
            <param index="1">
              <value>
                <![CDATA[sooraj]]>
              </value>
            </param>
          </params>
          <reporter-output>
          </reporter-output>
        </test-method> <!-- VerifyLogin -->
        <test-method status="PASS" signature="tearDown(org.testng.ITestResult)[pri:0, instance:com.zmarta.testcases.LoanPagetest@4ed9f0]" name="tearDown" is-config="true" duration-ms="74" started-at="2018-11-16T14:08:08Z" finished-at="2018-11-16T14:08:08Z">
          <params>
            <param index="0">
              <value>
                <![CDATA[[TestResult name=VerifyLogin status=SUCCESS method=LoanPagetest.VerifyLogin(java.lang.String, java.lang.String)[pri:0, instance:com.zmarta.testcases.LoanPagetest@4ed9f0] output={null}]]]>
              </value>
            </param>
          </params>
          <reporter-output>
          </reporter-output>
        </test-method> <!-- tearDown -->
        <test-method status="PASS" signature="methodname(java.lang.reflect.Method)[pri:0, instance:com.zmarta.testcases.LoanPagetest@4ed9f0]" name="methodname" is-config="true" duration-ms="1" started-at="2018-11-16T14:08:08Z" finished-at="2018-11-16T14:08:08Z">
          <params>
            <param index="0">
              <value>
                <![CDATA[public void com.zmarta.testcases.LoanPagetest.VerifyLogo()]]>
              </value>
            </param>
          </params>
          <reporter-output>
          </reporter-output>
        </test-method> <!-- methodname -->
        <test-method status="PASS" signature="aetup()[pri:0, instance:com.zmarta.testcases.LoanPagetest@4ed9f0]" name="aetup" is-config="true" duration-ms="1" started-at="2018-11-16T14:08:08Z" finished-at="2018-11-16T14:08:08Z">
          <reporter-output>
          </reporter-output>
        </test-method> <!-- aetup -->
        <test-method status="PASS" signature="VerifyLogo()[pri:0, instance:com.zmarta.testcases.LoanPagetest@4ed9f0]" name="VerifyLogo" duration-ms="48" started-at="2018-11-16T14:08:08Z" finished-at="2018-11-16T14:08:08Z">
          <reporter-output>
          </reporter-output>
        </test-method> <!-- VerifyLogo -->
        <test-method status="PASS" signature="tearDown(org.testng.ITestResult)[pri:0, instance:com.zmarta.testcases.LoanPagetest@4ed9f0]" name="tearDown" is-config="true" duration-ms="59" started-at="2018-11-16T14:08:08Z" finished-at="2018-11-16T14:08:09Z">
          <params>
            <param index="0">
              <value>
                <![CDATA[[TestResult name=VerifyLogo status=SUCCESS method=LoanPagetest.VerifyLogo()[pri:0, instance:com.zmarta.testcases.LoanPagetest@4ed9f0] output={null}]]]>
              </value>
            </param>
          </params>
          <reporter-output>
          </reporter-output>
        </test-method> <!-- tearDown -->
        <test-method status="PASS" signature="methodname(java.lang.reflect.Method)[pri:0, instance:com.zmarta.testcases.LoanPagetest@4ed9f0]" name="methodname" is-config="true" duration-ms="0" started-at="2018-11-16T14:08:09Z" finished-at="2018-11-16T14:08:09Z">
          <params>
            <param index="0">
              <value>
                <![CDATA[public void com.zmarta.testcases.LoanPagetest.VerifyCheckbox()]]>
              </value>
            </param>
          </params>
          <reporter-output>
          </reporter-output>
        </test-method> <!-- methodname -->
        <test-method status="PASS" signature="aetup()[pri:0, instance:com.zmarta.testcases.LoanPagetest@4ed9f0]" name="aetup" is-config="true" duration-ms="2" started-at="2018-11-16T14:08:09Z" finished-at="2018-11-16T14:08:09Z">
          <reporter-output>
          </reporter-output>
        </test-method> <!-- aetup -->
        <test-method status="PASS" signature="VerifyCheckbox()[pri:0, instance:com.zmarta.testcases.LoanPagetest@4ed9f0]" name="VerifyCheckbox" duration-ms="110" started-at="2018-11-16T14:08:09Z" finished-at="2018-11-16T14:08:09Z">
          <reporter-output>
          </reporter-output>
        </test-method> <!-- VerifyCheckbox -->
        <test-method status="PASS" signature="tearDown(org.testng.ITestResult)[pri:0, instance:com.zmarta.testcases.LoanPagetest@4ed9f0]" name="tearDown" is-config="true" duration-ms="78" started-at="2018-11-16T14:08:09Z" finished-at="2018-11-16T14:08:09Z">
          <params>
            <param index="0">
              <value>
                <![CDATA[[TestResult name=VerifyCheckbox status=SUCCESS method=LoanPagetest.VerifyCheckbox()[pri:0, instance:com.zmarta.testcases.LoanPagetest@4ed9f0] output={null}]]]>
              </value>
            </param>
          </params>
          <reporter-output>
          </reporter-output>
        </test-method> <!-- tearDown -->
        <test-method status="PASS" signature="end()[pri:0, instance:com.zmarta.testcases.LoanPagetest@4ed9f0]" name="end" is-config="true" duration-ms="56" started-at="2018-11-16T14:08:09Z" depends-on-methods="com.zmarta.testcases.LoanPagetest.afterTest" finished-at="2018-11-16T14:08:09Z">
          <reporter-output>
          </reporter-output>
        </test-method> <!-- end -->
        <test-method status="PASS" signature="afterTest()[pri:0, instance:com.zmarta.testcases.LoanPagetest@4ed9f0]" name="afterTest" is-config="true" duration-ms="0" started-at="2018-11-16T14:08:09Z" finished-at="2018-11-16T14:08:09Z">
          <reporter-output>
          </reporter-output>
        </test-method> <!-- afterTest -->
      </class> <!-- com.zmarta.testcases.LoanPagetest -->
    </test> <!-- ChromeTest -->
  </suite> <!-- ZmartaAutomationTestSuite -->
</testng-results>
