<?xml version="1.0" encoding="UTF-8"?>
<testng-results skipped="0" failed="0" total="3" passed="3">
  <reporter-output>
  </reporter-output>
  <suite name="ZmartaAutomationTestSuite" duration-ms="36566" started-at="2018-09-12T11:46:28Z" finished-at="2018-09-12T11:47:04Z">
    <groups>
    </groups>
    <test name="ChromeTest" duration-ms="36566" started-at="2018-09-12T11:46:28Z" finished-at="2018-09-12T11:47:04Z">
      <class name="com.zmarta.testcases.LoanPagetest">
        <test-method status="PASS" signature="BrowserInitialisation(java.lang.String)[pri:0, instance:com.zmarta.testcases.LoanPagetest@3e6fa38a]" name="BrowserInitialisation" is-config="true" duration-ms="23302" started-at="2018-09-12T17:16:28Z" finished-at="2018-09-12T17:16:51Z">
          <params>
            <param index="0">
              <value>
                <![CDATA[chrome]]>
              </value>
            </param>
          </params>
          <reporter-output>
          </reporter-output>
        </test-method> <!-- BrowserInitialisation -->
        <test-method status="PASS" signature="setup()[pri:0, instance:com.zmarta.testcases.LoanPagetest@3e6fa38a]" name="setup" is-config="true" duration-ms="33" started-at="2018-09-12T17:16:52Z" finished-at="2018-09-12T17:16:52Z">
          <reporter-output>
          </reporter-output>
        </test-method> <!-- setup -->
        <test-method status="PASS" signature="verifylogin(java.lang.String, java.lang.String)[pri:0, instance:com.zmarta.testcases.LoanPagetest@3e6fa38a]" name="verifylogin" duration-ms="3259" started-at="2018-09-12T17:16:52Z" data-provider="testdata" finished-at="2018-09-12T17:16:55Z">
          <params>
            <param index="0">
              <value>
                <![CDATA[Abhinath]]>
              </value>
            </param>
            <param index="1">
              <value>
                <![CDATA[Binish]]>
              </value>
            </param>
          </params>
          <reporter-output>
          </reporter-output>
        </test-method> <!-- verifylogin -->
        <test-method status="PASS" signature="setup()[pri:0, instance:com.zmarta.testcases.LoanPagetest@3e6fa38a]" name="setup" is-config="true" duration-ms="5" started-at="2018-09-12T17:16:55Z" finished-at="2018-09-12T17:16:55Z">
          <reporter-output>
          </reporter-output>
        </test-method> <!-- setup -->
        <test-method status="PASS" signature="verifylogin(java.lang.String, java.lang.String)[pri:0, instance:com.zmarta.testcases.LoanPagetest@3e6fa38a]" name="verifylogin" duration-ms="9144" started-at="2018-09-12T17:16:55Z" data-provider="testdata" finished-at="2018-09-12T17:17:04Z">
          <params>
            <param index="0">
              <value>
                <![CDATA[Harish]]>
              </value>
            </param>
            <param index="1">
              <value>
                <![CDATA[sooraj]]>
              </value>
            </param>
          </params>
          <reporter-output>
          </reporter-output>
        </test-method> <!-- verifylogin -->
        <test-method status="PASS" signature="setup()[pri:0, instance:com.zmarta.testcases.LoanPagetest@3e6fa38a]" name="setup" is-config="true" duration-ms="1" started-at="2018-09-12T17:17:04Z" finished-at="2018-09-12T17:17:04Z">
          <reporter-output>
          </reporter-output>
        </test-method> <!-- setup -->
        <test-method status="PASS" signature="verifylogo()[pri:0, instance:com.zmarta.testcases.LoanPagetest@3e6fa38a]" name="verifylogo" duration-ms="44" started-at="2018-09-12T17:17:04Z" finished-at="2018-09-12T17:17:04Z">
          <reporter-output>
          </reporter-output>
        </test-method> <!-- verifylogo -->
        <test-method status="PASS" signature="afterTest()[pri:0, instance:com.zmarta.testcases.LoanPagetest@3e6fa38a]" name="afterTest" is-config="true" duration-ms="0" started-at="2018-09-12T17:17:04Z" finished-at="2018-09-12T17:17:04Z">
          <reporter-output>
          </reporter-output>
        </test-method> <!-- afterTest -->
      </class> <!-- com.zmarta.testcases.LoanPagetest -->
    </test> <!-- ChromeTest -->
  </suite> <!-- ZmartaAutomationTestSuite -->
</testng-results>
