<?xml version="1.0" encoding="UTF-8"?>
<testng-results skipped="0" failed="0" total="1" passed="1">
  <reporter-output>
  </reporter-output>
  <suite name="Suite" duration-ms="8290" started-at="2019-02-07T12:00:36Z" finished-at="2019-02-07T12:00:44Z">
    <groups>
    </groups>
    <test name="AdminPanel_Test" duration-ms="8290" started-at="2019-02-07T12:00:36Z" finished-at="2019-02-07T12:00:44Z">
      <class name="com.valency.testcases.userstest">
        <test-method status="PASS" signature="BrowserInitialisation(java.lang.String)[pri:0, instance:com.valency.testcases.userstest@4ed9f0]" name="BrowserInitialisation" is-config="true" duration-ms="6079" started-at="2019-02-07T17:30:36Z" finished-at="2019-02-07T17:30:42Z">
          <params>
            <param index="0">
              <value>
                <![CDATA[chrome]]>
              </value>
            </param>
          </params>
          <reporter-output>
          </reporter-output>
        </test-method> <!-- BrowserInitialisation -->
        <test-method status="PASS" signature="report()[pri:0, instance:com.valency.testcases.userstest@4ed9f0]" name="report" is-config="true" duration-ms="222" started-at="2019-02-07T17:30:42Z" finished-at="2019-02-07T17:30:42Z">
          <reporter-output>
          </reporter-output>
        </test-method> <!-- report -->
        <test-method status="PASS" signature="methodname(java.lang.reflect.Method)[pri:0, instance:com.valency.testcases.userstest@4ed9f0]" name="methodname" is-config="true" duration-ms="6" started-at="2019-02-07T17:30:43Z" finished-at="2019-02-07T17:30:43Z">
          <params>
            <param index="0">
              <value>
                <![CDATA[public void com.valency.testcases.userstest.VerifyUserDetails(java.lang.String,java.lang.String,java.lang.String,java.lang.String) throws java.io.IOException]]>
              </value>
            </param>
          </params>
          <reporter-output>
          </reporter-output>
        </test-method> <!-- methodname -->
        <test-method status="PASS" signature="setup()[pri:0, instance:com.valency.testcases.userstest@4ed9f0]" name="setup" is-config="true" duration-ms="31" started-at="2019-02-07T17:30:43Z" finished-at="2019-02-07T17:30:43Z">
          <reporter-output>
          </reporter-output>
        </test-method> <!-- setup -->
        <test-method status="PASS" signature="VerifyUserDetails(java.lang.String, java.lang.String, java.lang.String, java.lang.String)[pri:0, instance:com.valency.testcases.userstest@4ed9f0]" name="VerifyUserDetails" duration-ms="540" started-at="2019-02-07T17:30:43Z" data-provider="testdata" finished-at="2019-02-07T17:30:44Z">
          <params>
            <param index="0">
              <value>
                <![CDATA[Abhinath]]>
              </value>
            </param>
            <param index="1">
              <value>
                <![CDATA[jino555]]>
              </value>
            </param>
            <param index="2">
              <value>
                <![CDATA[9745754904]]>
              </value>
            </param>
            <param index="3">
              <value>
                <![CDATA[9745754904]]>
              </value>
            </param>
          </params>
          <reporter-output>
          </reporter-output>
        </test-method> <!-- VerifyUserDetails -->
        <test-method status="PASS" signature="tearDown(org.testng.ITestResult)[pri:0, instance:com.valency.testcases.userstest@4ed9f0]" name="tearDown" is-config="true" duration-ms="408" started-at="2019-02-07T17:30:44Z" finished-at="2019-02-07T17:30:44Z">
          <params>
            <param index="0">
              <value>
                <![CDATA[[TestResult name=VerifyUserDetails status=SUCCESS method=userstest.VerifyUserDetails(java.lang.String, java.lang.String, java.lang.String, java.lang.String)[pri:0, instance:com.valency.testcases.userstest@4ed9f0] output={null}]]]>
              </value>
            </param>
          </params>
          <reporter-output>
          </reporter-output>
        </test-method> <!-- tearDown -->
        <test-method status="PASS" signature="end()[pri:0, instance:com.valency.testcases.userstest@4ed9f0]" name="end" is-config="true" duration-ms="89" started-at="2019-02-07T17:30:44Z" finished-at="2019-02-07T17:30:44Z">
          <reporter-output>
          </reporter-output>
        </test-method> <!-- end -->
      </class> <!-- com.valency.testcases.userstest -->
    </test> <!-- AdminPanel_Test -->
  </suite> <!-- Suite -->
</testng-results>
