<?xml version="1.0" encoding="UTF-8"?>
<testng-results skipped="0" failed="0" total="3" passed="3">
  <reporter-output>
  </reporter-output>
  <suite name="ZmartaAutomationTestSuite" duration-ms="38059" started-at="2018-09-13T12:26:32Z" finished-at="2018-09-13T12:27:10Z">
    <groups>
    </groups>
    <test name="ChromeTest" duration-ms="38059" started-at="2018-09-13T12:26:32Z" finished-at="2018-09-13T12:27:10Z">
      <class name="com.zmarta.testcases.LoanPagetest">
        <test-method status="PASS" signature="BrowserInitialisation(java.lang.String)[pri:0, instance:com.zmarta.testcases.LoanPagetest@5e3a8624]" name="BrowserInitialisation" is-config="true" duration-ms="21059" started-at="2018-09-13T17:56:32Z" finished-at="2018-09-13T17:56:53Z">
          <params>
            <param index="0">
              <value>
                <![CDATA[chrome]]>
              </value>
            </param>
          </params>
          <reporter-output>
          </reporter-output>
        </test-method> <!-- BrowserInitialisation -->
        <test-method status="PASS" signature="setup()[pri:0, instance:com.zmarta.testcases.LoanPagetest@5e3a8624]" name="setup" is-config="true" duration-ms="22" started-at="2018-09-13T17:56:54Z" finished-at="2018-09-13T17:56:54Z">
          <reporter-output>
          </reporter-output>
        </test-method> <!-- setup -->
        <test-method status="PASS" signature="verifylogin(java.lang.String, java.lang.String)[pri:0, instance:com.zmarta.testcases.LoanPagetest@5e3a8624]" name="verifylogin" duration-ms="5574" started-at="2018-09-13T17:56:54Z" data-provider="testdata" finished-at="2018-09-13T17:57:00Z">
          <params>
            <param index="0">
              <value>
                <![CDATA[Abhinath]]>
              </value>
            </param>
            <param index="1">
              <value>
                <![CDATA[Binish]]>
              </value>
            </param>
          </params>
          <reporter-output>
          </reporter-output>
        </test-method> <!-- verifylogin -->
        <test-method status="PASS" signature="setup()[pri:0, instance:com.zmarta.testcases.LoanPagetest@5e3a8624]" name="setup" is-config="true" duration-ms="1" started-at="2018-09-13T17:57:00Z" finished-at="2018-09-13T17:57:00Z">
          <reporter-output>
          </reporter-output>
        </test-method> <!-- setup -->
        <test-method status="PASS" signature="verifylogin(java.lang.String, java.lang.String)[pri:0, instance:com.zmarta.testcases.LoanPagetest@5e3a8624]" name="verifylogin" duration-ms="10694" started-at="2018-09-13T17:57:00Z" data-provider="testdata" finished-at="2018-09-13T17:57:10Z">
          <params>
            <param index="0">
              <value>
                <![CDATA[Harish]]>
              </value>
            </param>
            <param index="1">
              <value>
                <![CDATA[sooraj]]>
              </value>
            </param>
          </params>
          <reporter-output>
          </reporter-output>
        </test-method> <!-- verifylogin -->
        <test-method status="PASS" signature="setup()[pri:0, instance:com.zmarta.testcases.LoanPagetest@5e3a8624]" name="setup" is-config="true" duration-ms="1" started-at="2018-09-13T17:57:10Z" finished-at="2018-09-13T17:57:10Z">
          <reporter-output>
          </reporter-output>
        </test-method> <!-- setup -->
        <test-method status="PASS" signature="verifylogo()[pri:0, instance:com.zmarta.testcases.LoanPagetest@5e3a8624]" name="verifylogo" duration-ms="38" started-at="2018-09-13T17:57:10Z" finished-at="2018-09-13T17:57:10Z">
          <reporter-output>
          </reporter-output>
        </test-method> <!-- verifylogo -->
        <test-method status="PASS" signature="afterTest()[pri:0, instance:com.zmarta.testcases.LoanPagetest@5e3a8624]" name="afterTest" is-config="true" duration-ms="0" started-at="2018-09-13T17:57:10Z" finished-at="2018-09-13T17:57:10Z">
          <reporter-output>
          </reporter-output>
        </test-method> <!-- afterTest -->
      </class> <!-- com.zmarta.testcases.LoanPagetest -->
    </test> <!-- ChromeTest -->
  </suite> <!-- ZmartaAutomationTestSuite -->
</testng-results>
