<?xml version="1.0" encoding="UTF-8"?>
<testng-results skipped="0" failed="0" total="2" passed="2">
  <reporter-output>
  </reporter-output>
  <suite name="Suite" duration-ms="51516" started-at="2018-09-11T10:13:13Z" finished-at="2018-09-11T10:14:04Z">
    <groups>
    </groups>
    <test name="Test" duration-ms="51516" started-at="2018-09-11T10:13:13Z" finished-at="2018-09-11T10:14:04Z">
      <class name="com.zmarta.testcases.LoanPagetest">
        <test-method status="PASS" signature="BrowserInitialisation(java.lang.String)[pri:0, instance:com.zmarta.testcases.LoanPagetest@6f7fd0e6]" name="BrowserInitialisation" is-config="true" duration-ms="26752" started-at="2018-09-11T15:43:13Z" finished-at="2018-09-11T15:43:40Z">
          <params>
            <param index="0">
              <value>
                <![CDATA[chrome]]>
              </value>
            </param>
          </params>
          <reporter-output>
          </reporter-output>
        </test-method> <!-- BrowserInitialisation -->
        <test-method status="PASS" signature="verifylogin(java.lang.String, java.lang.String)[pri:0, instance:com.zmarta.testcases.LoanPagetest@6f7fd0e6]" name="verifylogin" duration-ms="16863" started-at="2018-09-11T15:43:41Z" data-provider="testdata" finished-at="2018-09-11T15:43:58Z">
          <params>
            <param index="0">
              <value>
                <![CDATA[Abhinath]]>
              </value>
            </param>
            <param index="1">
              <value>
                <![CDATA[Binish]]>
              </value>
            </param>
          </params>
          <reporter-output>
          </reporter-output>
        </test-method> <!-- verifylogin -->
        <test-method status="PASS" signature="verifylogin(java.lang.String, java.lang.String)[pri:0, instance:com.zmarta.testcases.LoanPagetest@6f7fd0e6]" name="verifylogin" duration-ms="6828" started-at="2018-09-11T15:43:58Z" data-provider="testdata" finished-at="2018-09-11T15:44:04Z">
          <params>
            <param index="0">
              <value>
                <![CDATA[Harish]]>
              </value>
            </param>
            <param index="1">
              <value>
                <![CDATA[sooraj]]>
              </value>
            </param>
          </params>
          <reporter-output>
          </reporter-output>
        </test-method> <!-- verifylogin -->
        <test-method status="PASS" signature="afterTest()[pri:0, instance:com.zmarta.testcases.LoanPagetest@6f7fd0e6]" name="afterTest" is-config="true" duration-ms="1" started-at="2018-09-11T15:44:04Z" finished-at="2018-09-11T15:44:04Z">
          <reporter-output>
          </reporter-output>
        </test-method> <!-- afterTest -->
      </class> <!-- com.zmarta.testcases.LoanPagetest -->
    </test> <!-- Test -->
  </suite> <!-- Suite -->
</testng-results>
