<?xml version="1.0" encoding="UTF-8"?>
<testng-results skipped="0" failed="0" total="3" passed="3">
  <reporter-output>
  </reporter-output>
  <suite name="ZmartaAutomationTestSuite" duration-ms="41435" started-at="2018-09-20T09:30:10Z" finished-at="2018-09-20T09:30:52Z">
    <groups>
    </groups>
    <test name="ChromeTest" duration-ms="41435" started-at="2018-09-20T09:30:10Z" finished-at="2018-09-20T09:30:52Z">
      <class name="com.zmarta.testcases.LoanPagetest">
        <test-method status="PASS" signature="BrowserInitialisation(java.lang.String)[pri:0, instance:com.zmarta.testcases.LoanPagetest@3bfdc050]" name="BrowserInitialisation" is-config="true" duration-ms="38764" started-at="2018-09-20T15:00:10Z" finished-at="2018-09-20T15:00:49Z">
          <params>
            <param index="0">
              <value>
                <![CDATA[chrome]]>
              </value>
            </param>
          </params>
          <reporter-output>
          </reporter-output>
        </test-method> <!-- BrowserInitialisation -->
        <test-method status="PASS" signature="report()[pri:0, instance:com.zmarta.testcases.LoanPagetest@3bfdc050]" name="report" is-config="true" duration-ms="149" started-at="2018-09-20T15:00:49Z" finished-at="2018-09-20T15:00:49Z">
          <reporter-output>
          </reporter-output>
        </test-method> <!-- report -->
        <test-method status="PASS" signature="methodname(java.lang.reflect.Method)[pri:0, instance:com.zmarta.testcases.LoanPagetest@3bfdc050]" name="methodname" is-config="true" duration-ms="4" started-at="2018-09-20T15:00:50Z" finished-at="2018-09-20T15:00:50Z">
          <params>
            <param index="0">
              <value>
                <![CDATA[public void com.zmarta.testcases.LoanPagetest.verifylogin(java.lang.String,java.lang.String) throws java.lang.Exception]]>
              </value>
            </param>
          </params>
          <reporter-output>
          </reporter-output>
        </test-method> <!-- methodname -->
        <test-method status="PASS" signature="setup()[pri:0, instance:com.zmarta.testcases.LoanPagetest@3bfdc050]" name="setup" is-config="true" duration-ms="33" started-at="2018-09-20T15:00:50Z" finished-at="2018-09-20T15:00:50Z">
          <reporter-output>
          </reporter-output>
        </test-method> <!-- setup -->
        <test-method status="PASS" signature="verifylogin(java.lang.String, java.lang.String)[pri:0, instance:com.zmarta.testcases.LoanPagetest@3bfdc050]" name="verifylogin" duration-ms="614" started-at="2018-09-20T15:00:50Z" data-provider="testdata" finished-at="2018-09-20T15:00:51Z">
          <params>
            <param index="0">
              <value>
                <![CDATA[Abhinath]]>
              </value>
            </param>
            <param index="1">
              <value>
                <![CDATA[Binish]]>
              </value>
            </param>
          </params>
          <reporter-output>
          </reporter-output>
        </test-method> <!-- verifylogin -->
        <test-method status="PASS" signature="methodname(java.lang.reflect.Method)[pri:0, instance:com.zmarta.testcases.LoanPagetest@3bfdc050]" name="methodname" is-config="true" duration-ms="0" started-at="2018-09-20T15:00:51Z" finished-at="2018-09-20T15:00:51Z">
          <params>
            <param index="0">
              <value>
                <![CDATA[public void com.zmarta.testcases.LoanPagetest.verifylogin(java.lang.String,java.lang.String) throws java.lang.Exception]]>
              </value>
            </param>
          </params>
          <reporter-output>
          </reporter-output>
        </test-method> <!-- methodname -->
        <test-method status="PASS" signature="setup()[pri:0, instance:com.zmarta.testcases.LoanPagetest@3bfdc050]" name="setup" is-config="true" duration-ms="1" started-at="2018-09-20T15:00:51Z" finished-at="2018-09-20T15:00:51Z">
          <reporter-output>
          </reporter-output>
        </test-method> <!-- setup -->
        <test-method status="PASS" signature="verifylogin(java.lang.String, java.lang.String)[pri:0, instance:com.zmarta.testcases.LoanPagetest@3bfdc050]" name="verifylogin" duration-ms="503" started-at="2018-09-20T15:00:51Z" data-provider="testdata" finished-at="2018-09-20T15:00:51Z">
          <params>
            <param index="0">
              <value>
                <![CDATA[Harish]]>
              </value>
            </param>
            <param index="1">
              <value>
                <![CDATA[sooraj]]>
              </value>
            </param>
          </params>
          <reporter-output>
          </reporter-output>
        </test-method> <!-- verifylogin -->
        <test-method status="PASS" signature="methodname(java.lang.reflect.Method)[pri:0, instance:com.zmarta.testcases.LoanPagetest@3bfdc050]" name="methodname" is-config="true" duration-ms="0" started-at="2018-09-20T15:00:51Z" finished-at="2018-09-20T15:00:51Z">
          <params>
            <param index="0">
              <value>
                <![CDATA[public void com.zmarta.testcases.LoanPagetest.verifylogo()]]>
              </value>
            </param>
          </params>
          <reporter-output>
          </reporter-output>
        </test-method> <!-- methodname -->
        <test-method status="PASS" signature="setup()[pri:0, instance:com.zmarta.testcases.LoanPagetest@3bfdc050]" name="setup" is-config="true" duration-ms="2" started-at="2018-09-20T15:00:51Z" finished-at="2018-09-20T15:00:51Z">
          <reporter-output>
          </reporter-output>
        </test-method> <!-- setup -->
        <test-method status="PASS" signature="verifylogo()[pri:0, instance:com.zmarta.testcases.LoanPagetest@3bfdc050]" name="verifylogo" duration-ms="63" started-at="2018-09-20T15:00:51Z" finished-at="2018-09-20T15:00:51Z">
          <reporter-output>
          </reporter-output>
        </test-method> <!-- verifylogo -->
        <test-method status="PASS" signature="afterTest()[pri:0, instance:com.zmarta.testcases.LoanPagetest@3bfdc050]" name="afterTest" is-config="true" duration-ms="1" started-at="2018-09-20T15:00:51Z" finished-at="2018-09-20T15:00:51Z">
          <reporter-output>
          </reporter-output>
        </test-method> <!-- afterTest -->
        <test-method status="PASS" signature="end()[pri:0, instance:com.zmarta.testcases.LoanPagetest@3bfdc050]" name="end" is-config="true" duration-ms="460" started-at="2018-09-20T15:00:51Z" depends-on-methods="com.zmarta.testcases.LoanPagetest.afterTest" finished-at="2018-09-20T15:00:52Z">
          <reporter-output>
          </reporter-output>
        </test-method> <!-- end -->
      </class> <!-- com.zmarta.testcases.LoanPagetest -->
    </test> <!-- ChromeTest -->
  </suite> <!-- ZmartaAutomationTestSuite -->
</testng-results>
