<?xml version="1.0" encoding="UTF-8"?>
<testng-results skipped="0" failed="0" total="3" passed="3">
  <reporter-output>
  </reporter-output>
  <suite name="ZmartaAutomationTestSuite" duration-ms="28659" started-at="2018-09-25T05:49:27Z" finished-at="2018-09-25T05:49:55Z">
    <groups>
    </groups>
    <test name="ChromeTest" duration-ms="28659" started-at="2018-09-25T05:49:27Z" finished-at="2018-09-25T05:49:55Z">
      <class name="com.zmarta.testcases.LoanPagetest">
        <test-method status="PASS" signature="BrowserInitialisation(java.lang.String)[pri:0, instance:com.zmarta.testcases.LoanPagetest@5c3bd550]" name="BrowserInitialisation" is-config="true" duration-ms="17455" started-at="2018-09-25T11:19:27Z" finished-at="2018-09-25T11:19:44Z">
          <params>
            <param index="0">
              <value>
                <![CDATA[chrome]]>
              </value>
            </param>
          </params>
          <reporter-output>
          </reporter-output>
        </test-method> <!-- BrowserInitialisation -->
        <test-method status="PASS" signature="report()[pri:0, instance:com.zmarta.testcases.LoanPagetest@5c3bd550]" name="report" is-config="true" duration-ms="143" started-at="2018-09-25T11:19:44Z" finished-at="2018-09-25T11:19:44Z">
          <reporter-output>
          </reporter-output>
        </test-method> <!-- report -->
        <test-method status="PASS" signature="methodname(java.lang.reflect.Method)[pri:0, instance:com.zmarta.testcases.LoanPagetest@5c3bd550]" name="methodname" is-config="true" duration-ms="5" started-at="2018-09-25T11:19:45Z" finished-at="2018-09-25T11:19:45Z">
          <params>
            <param index="0">
              <value>
                <![CDATA[public void com.zmarta.testcases.LoanPagetest.verifylogin(java.lang.String,java.lang.String) throws java.lang.Exception]]>
              </value>
            </param>
          </params>
          <reporter-output>
          </reporter-output>
        </test-method> <!-- methodname -->
        <test-method status="PASS" signature="setup()[pri:0, instance:com.zmarta.testcases.LoanPagetest@5c3bd550]" name="setup" is-config="true" duration-ms="27" started-at="2018-09-25T11:19:45Z" finished-at="2018-09-25T11:19:45Z">
          <reporter-output>
          </reporter-output>
        </test-method> <!-- setup -->
        <test-method status="PASS" signature="verifylogin(java.lang.String, java.lang.String)[pri:0, instance:com.zmarta.testcases.LoanPagetest@5c3bd550]" name="verifylogin" duration-ms="6256" started-at="2018-09-25T11:19:45Z" data-provider="testdata" finished-at="2018-09-25T11:19:51Z">
          <params>
            <param index="0">
              <value>
                <![CDATA[Abhinath]]>
              </value>
            </param>
            <param index="1">
              <value>
                <![CDATA[Binish]]>
              </value>
            </param>
          </params>
          <reporter-output>
          </reporter-output>
        </test-method> <!-- verifylogin -->
        <test-method status="PASS" signature="tearDown(org.testng.ITestResult)[pri:0, instance:com.zmarta.testcases.LoanPagetest@5c3bd550]" name="tearDown" is-config="true" duration-ms="578" started-at="2018-09-25T11:19:51Z" finished-at="2018-09-25T11:19:52Z">
          <params>
            <param index="0">
              <value>
                <![CDATA[[TestResult name=verifylogin status=SUCCESS method=LoanPagetest.verifylogin(java.lang.String, java.lang.String)[pri:0, instance:com.zmarta.testcases.LoanPagetest@5c3bd550] output={null}]]]>
              </value>
            </param>
          </params>
          <reporter-output>
          </reporter-output>
        </test-method> <!-- tearDown -->
        <test-method status="PASS" signature="setup()[pri:0, instance:com.zmarta.testcases.LoanPagetest@5c3bd550]" name="setup" is-config="true" duration-ms="1" started-at="2018-09-25T11:19:52Z" finished-at="2018-09-25T11:19:52Z">
          <reporter-output>
          </reporter-output>
        </test-method> <!-- setup -->
        <test-method status="PASS" signature="methodname(java.lang.reflect.Method)[pri:0, instance:com.zmarta.testcases.LoanPagetest@5c3bd550]" name="methodname" is-config="true" duration-ms="0" started-at="2018-09-25T11:19:52Z" finished-at="2018-09-25T11:19:52Z">
          <params>
            <param index="0">
              <value>
                <![CDATA[public void com.zmarta.testcases.LoanPagetest.verifylogin(java.lang.String,java.lang.String) throws java.lang.Exception]]>
              </value>
            </param>
          </params>
          <reporter-output>
          </reporter-output>
        </test-method> <!-- methodname -->
        <test-method status="PASS" signature="verifylogin(java.lang.String, java.lang.String)[pri:0, instance:com.zmarta.testcases.LoanPagetest@5c3bd550]" name="verifylogin" duration-ms="3210" started-at="2018-09-25T11:19:52Z" data-provider="testdata" finished-at="2018-09-25T11:19:55Z">
          <params>
            <param index="0">
              <value>
                <![CDATA[Harish]]>
              </value>
            </param>
            <param index="1">
              <value>
                <![CDATA[sooraj]]>
              </value>
            </param>
          </params>
          <reporter-output>
          </reporter-output>
        </test-method> <!-- verifylogin -->
        <test-method status="PASS" signature="tearDown(org.testng.ITestResult)[pri:0, instance:com.zmarta.testcases.LoanPagetest@5c3bd550]" name="tearDown" is-config="true" duration-ms="80" started-at="2018-09-25T11:19:55Z" finished-at="2018-09-25T11:19:55Z">
          <params>
            <param index="0">
              <value>
                <![CDATA[[TestResult name=verifylogin status=SUCCESS method=LoanPagetest.verifylogin(java.lang.String, java.lang.String)[pri:0, instance:com.zmarta.testcases.LoanPagetest@5c3bd550] output={null}]]]>
              </value>
            </param>
          </params>
          <reporter-output>
          </reporter-output>
        </test-method> <!-- tearDown -->
        <test-method status="PASS" signature="methodname(java.lang.reflect.Method)[pri:0, instance:com.zmarta.testcases.LoanPagetest@5c3bd550]" name="methodname" is-config="true" duration-ms="1" started-at="2018-09-25T11:19:55Z" finished-at="2018-09-25T11:19:55Z">
          <params>
            <param index="0">
              <value>
                <![CDATA[public void com.zmarta.testcases.LoanPagetest.verifylogo()]]>
              </value>
            </param>
          </params>
          <reporter-output>
          </reporter-output>
        </test-method> <!-- methodname -->
        <test-method status="PASS" signature="setup()[pri:0, instance:com.zmarta.testcases.LoanPagetest@5c3bd550]" name="setup" is-config="true" duration-ms="1" started-at="2018-09-25T11:19:55Z" finished-at="2018-09-25T11:19:55Z">
          <reporter-output>
          </reporter-output>
        </test-method> <!-- setup -->
        <test-method status="PASS" signature="verifylogo()[pri:0, instance:com.zmarta.testcases.LoanPagetest@5c3bd550]" name="verifylogo" duration-ms="40" started-at="2018-09-25T11:19:55Z" finished-at="2018-09-25T11:19:55Z">
          <reporter-output>
          </reporter-output>
        </test-method> <!-- verifylogo -->
        <test-method status="PASS" signature="tearDown(org.testng.ITestResult)[pri:0, instance:com.zmarta.testcases.LoanPagetest@5c3bd550]" name="tearDown" is-config="true" duration-ms="52" started-at="2018-09-25T11:19:55Z" finished-at="2018-09-25T11:19:55Z">
          <params>
            <param index="0">
              <value>
                <![CDATA[[TestResult name=verifylogo status=SUCCESS method=LoanPagetest.verifylogo()[pri:0, instance:com.zmarta.testcases.LoanPagetest@5c3bd550] output={null}]]]>
              </value>
            </param>
          </params>
          <reporter-output>
          </reporter-output>
        </test-method> <!-- tearDown -->
        <test-method status="PASS" signature="afterTest()[pri:0, instance:com.zmarta.testcases.LoanPagetest@5c3bd550]" name="afterTest" is-config="true" duration-ms="0" started-at="2018-09-25T11:19:55Z" finished-at="2018-09-25T11:19:55Z">
          <reporter-output>
          </reporter-output>
        </test-method> <!-- afterTest -->
        <test-method status="PASS" signature="end()[pri:0, instance:com.zmarta.testcases.LoanPagetest@5c3bd550]" name="end" is-config="true" duration-ms="77" started-at="2018-09-25T11:19:55Z" depends-on-methods="com.zmarta.testcases.LoanPagetest.afterTest" finished-at="2018-09-25T11:19:55Z">
          <reporter-output>
          </reporter-output>
        </test-method> <!-- end -->
      </class> <!-- com.zmarta.testcases.LoanPagetest -->
    </test> <!-- ChromeTest -->
  </suite> <!-- ZmartaAutomationTestSuite -->
</testng-results>
