<?xml version="1.0" encoding="UTF-8"?>
<testng-results skipped="0" failed="0" total="3" passed="3">
  <reporter-output>
  </reporter-output>
  <suite name="ZmartaAutomationTestSuite" duration-ms="34774" started-at="2018-09-14T12:01:53Z" finished-at="2018-09-14T12:02:28Z">
    <groups>
    </groups>
    <test name="ChromeTest" duration-ms="34774" started-at="2018-09-14T12:01:53Z" finished-at="2018-09-14T12:02:28Z">
      <class name="com.zmarta.testcases.LoanPagetest">
        <test-method status="PASS" signature="BrowserInitialisation(java.lang.String)[pri:0, instance:com.zmarta.testcases.LoanPagetest@7cd62f43]" name="BrowserInitialisation" is-config="true" duration-ms="20888" started-at="2018-09-14T17:31:53Z" finished-at="2018-09-14T17:32:14Z">
          <params>
            <param index="0">
              <value>
                <![CDATA[chrome]]>
              </value>
            </param>
          </params>
          <reporter-output>
          </reporter-output>
        </test-method> <!-- BrowserInitialisation -->
        <test-method status="PASS" signature="setup()[pri:0, instance:com.zmarta.testcases.LoanPagetest@7cd62f43]" name="setup" is-config="true" duration-ms="25" started-at="2018-09-14T17:32:15Z" finished-at="2018-09-14T17:32:15Z">
          <reporter-output>
          </reporter-output>
        </test-method> <!-- setup -->
        <test-method status="PASS" signature="verifylogin(java.lang.String, java.lang.String)[pri:0, instance:com.zmarta.testcases.LoanPagetest@7cd62f43]" name="verifylogin" duration-ms="6258" started-at="2018-09-14T17:32:15Z" data-provider="testdata" finished-at="2018-09-14T17:32:21Z">
          <params>
            <param index="0">
              <value>
                <![CDATA[Abhinath]]>
              </value>
            </param>
            <param index="1">
              <value>
                <![CDATA[Binish]]>
              </value>
            </param>
          </params>
          <reporter-output>
          </reporter-output>
        </test-method> <!-- verifylogin -->
        <test-method status="PASS" signature="setup()[pri:0, instance:com.zmarta.testcases.LoanPagetest@7cd62f43]" name="setup" is-config="true" duration-ms="2" started-at="2018-09-14T17:32:21Z" finished-at="2018-09-14T17:32:21Z">
          <reporter-output>
          </reporter-output>
        </test-method> <!-- setup -->
        <test-method status="PASS" signature="verifylogin(java.lang.String, java.lang.String)[pri:0, instance:com.zmarta.testcases.LoanPagetest@7cd62f43]" name="verifylogin" duration-ms="6593" started-at="2018-09-14T17:32:21Z" data-provider="testdata" finished-at="2018-09-14T17:32:28Z">
          <params>
            <param index="0">
              <value>
                <![CDATA[Harish]]>
              </value>
            </param>
            <param index="1">
              <value>
                <![CDATA[sooraj]]>
              </value>
            </param>
          </params>
          <reporter-output>
          </reporter-output>
        </test-method> <!-- verifylogin -->
        <test-method status="PASS" signature="setup()[pri:0, instance:com.zmarta.testcases.LoanPagetest@7cd62f43]" name="setup" is-config="true" duration-ms="1" started-at="2018-09-14T17:32:28Z" finished-at="2018-09-14T17:32:28Z">
          <reporter-output>
          </reporter-output>
        </test-method> <!-- setup -->
        <test-method status="PASS" signature="verifylogo()[pri:0, instance:com.zmarta.testcases.LoanPagetest@7cd62f43]" name="verifylogo" duration-ms="75" started-at="2018-09-14T17:32:28Z" finished-at="2018-09-14T17:32:28Z">
          <reporter-output>
          </reporter-output>
        </test-method> <!-- verifylogo -->
        <test-method status="PASS" signature="afterTest()[pri:0, instance:com.zmarta.testcases.LoanPagetest@7cd62f43]" name="afterTest" is-config="true" duration-ms="0" started-at="2018-09-14T17:32:28Z" finished-at="2018-09-14T17:32:28Z">
          <reporter-output>
          </reporter-output>
        </test-method> <!-- afterTest -->
      </class> <!-- com.zmarta.testcases.LoanPagetest -->
    </test> <!-- ChromeTest -->
  </suite> <!-- ZmartaAutomationTestSuite -->
</testng-results>
