<?xml version="1.0" encoding="UTF-8"?>
<testng-results skipped="3" failed="0" total="3" passed="0">
  <reporter-output>
  </reporter-output>
  <suite name="ZmartaAutomationTestSuite" duration-ms="49066" started-at="2018-09-21T10:26:15Z" finished-at="2018-09-21T10:27:04Z">
    <groups>
    </groups>
    <test name="ChromeTest" duration-ms="49066" started-at="2018-09-21T10:26:15Z" finished-at="2018-09-21T10:27:04Z">
      <class name="com.zmarta.testcases.LoanPagetest">
        <test-method status="FAIL" signature="BrowserInitialisation(java.lang.String)[pri:0, instance:com.zmarta.testcases.LoanPagetest@5c3bd550]" name="BrowserInitialisation" is-config="true" duration-ms="0" started-at="2018-09-21T15:56:15Z" finished-at="2018-09-21T15:56:15Z">
          <params>
            <param index="0">
              <value>
                <![CDATA[chrome]]>
              </value>
            </param>
          </params>
          <exception class="org.openqa.selenium.TimeoutException">
            <message>
              <![CDATA[timeout
  (Session info: chrome=69.0.3497.100)
  (Driver info: chromedriver=2.37.544315 (730aa6a5fdba159ac9f4c1e8cbc59bf1b5ce12b7),platform=Windows NT 10.0.17134 x86_64) (WARNING: The server did not provide any stacktrace information)
Command duration or timeout: 0 milliseconds
Build info: version: '3.11.0', revision: 'e59cfb3', time: '2018-03-11T20:26:55.152Z'
System info: host: 'LAPTOP-L45CF4AI', ip: '172.16.14.65', os.name: 'Windows 10', os.arch: 'amd64', os.version: '10.0', java.version: '1.8.0_181'
Driver info: org.openqa.selenium.chrome.ChromeDriver
Capabilities {acceptInsecureCerts: false, acceptSslCerts: false, applicationCacheEnabled: false, browserConnectionEnabled: false, browserName: chrome, chrome: {chromedriverVersion: 2.37.544315 (730aa6a5fdba15..., userDataDir: C:\Users\Jino\AppData\Local...}, cssSelectorsEnabled: true, databaseEnabled: false, handlesAlerts: true, hasTouchScreen: false, javascriptEnabled: true, locationContextEnabled: true, mobileEmulationEnabled: false, nativeEvents: true, networkConnectionEnabled: false, pageLoadStrategy: normal, platform: XP, platformName: XP, rotatable: false, setWindowRect: true, takesHeapSnapshot: true, takesScreenshot: true, unexpectedAlertBehaviour: , unhandledPromptBehavior: , version: 69.0.3497.100, webStorageEnabled: true}
Session ID: 0ae3d0ef5bab0ef1f31e3efdbfc34608]]>
            </message>
            <full-stacktrace>
              <![CDATA[org.openqa.selenium.TimeoutException: timeout
  (Session info: chrome=69.0.3497.100)
  (Driver info: chromedriver=2.37.544315 (730aa6a5fdba159ac9f4c1e8cbc59bf1b5ce12b7),platform=Windows NT 10.0.17134 x86_64) (WARNING: The server did not provide any stacktrace information)
Command duration or timeout: 0 milliseconds
Build info: version: '3.11.0', revision: 'e59cfb3', time: '2018-03-11T20:26:55.152Z'
System info: host: 'LAPTOP-L45CF4AI', ip: '172.16.14.65', os.name: 'Windows 10', os.arch: 'amd64', os.version: '10.0', java.version: '1.8.0_181'
Driver info: org.openqa.selenium.chrome.ChromeDriver
Capabilities {acceptInsecureCerts: false, acceptSslCerts: false, applicationCacheEnabled: false, browserConnectionEnabled: false, browserName: chrome, chrome: {chromedriverVersion: 2.37.544315 (730aa6a5fdba15..., userDataDir: C:\Users\Jino\AppData\Local...}, cssSelectorsEnabled: true, databaseEnabled: false, handlesAlerts: true, hasTouchScreen: false, javascriptEnabled: true, locationContextEnabled: true, mobileEmulationEnabled: false, nativeEvents: true, networkConnectionEnabled: false, pageLoadStrategy: normal, platform: XP, platformName: XP, rotatable: false, setWindowRect: true, takesHeapSnapshot: true, takesScreenshot: true, unexpectedAlertBehaviour: , unhandledPromptBehavior: , version: 69.0.3497.100, webStorageEnabled: true}
Session ID: 0ae3d0ef5bab0ef1f31e3efdbfc34608
	at sun.reflect.NativeConstructorAccessorImpl.newInstance0(Native Method)
	at sun.reflect.NativeConstructorAccessorImpl.newInstance(Unknown Source)
	at sun.reflect.DelegatingConstructorAccessorImpl.newInstance(Unknown Source)
	at java.lang.reflect.Constructor.newInstance(Unknown Source)
	at org.openqa.selenium.remote.ErrorHandler.createThrowable(ErrorHandler.java:214)
	at org.openqa.selenium.remote.ErrorHandler.throwIfResponseFailed(ErrorHandler.java:166)
	at org.openqa.selenium.remote.http.JsonHttpResponseCodec.reconstructValue(JsonHttpResponseCodec.java:40)
	at org.openqa.selenium.remote.http.AbstractHttpResponseCodec.decode(AbstractHttpResponseCodec.java:80)
	at org.openqa.selenium.remote.http.AbstractHttpResponseCodec.decode(AbstractHttpResponseCodec.java:44)
	at org.openqa.selenium.remote.HttpCommandExecutor.execute(HttpCommandExecutor.java:158)
	at org.openqa.selenium.remote.service.DriverCommandExecutor.execute(DriverCommandExecutor.java:83)
	at org.openqa.selenium.remote.RemoteWebDriver.execute(RemoteWebDriver.java:545)
	at org.openqa.selenium.remote.RemoteWebDriver.get(RemoteWebDriver.java:273)
	at sun.reflect.NativeMethodAccessorImpl.invoke0(Native Method)
	at sun.reflect.NativeMethodAccessorImpl.invoke(Unknown Source)
	at sun.reflect.DelegatingMethodAccessorImpl.invoke(Unknown Source)
	at java.lang.reflect.Method.invoke(Unknown Source)
	at org.openqa.selenium.support.events.EventFiringWebDriver.lambda$new$1(EventFiringWebDriver.java:103)
	at com.sun.proxy.$Proxy11.get(Unknown Source)
	at org.openqa.selenium.support.events.EventFiringWebDriver.get(EventFiringWebDriver.java:161)
	at com.zmarta.base.basetest.BrowserInitialisation(basetest.java:161)
	at sun.reflect.NativeMethodAccessorImpl.invoke0(Native Method)
	at sun.reflect.NativeMethodAccessorImpl.invoke(Unknown Source)
	at sun.reflect.DelegatingMethodAccessorImpl.invoke(Unknown Source)
	at java.lang.reflect.Method.invoke(Unknown Source)
	at org.testng.internal.MethodInvocationHelper.invokeMethod(MethodInvocationHelper.java:80)
	at org.testng.internal.Invoker.invokeConfigurationMethod(Invoker.java:564)
	at org.testng.internal.Invoker.invokeConfigurations(Invoker.java:213)
	at org.testng.internal.Invoker.invokeConfigurations(Invoker.java:138)
	at org.testng.TestRunner.beforeRun(TestRunner.java:641)
	at org.testng.TestRunner.run(TestRunner.java:609)
	at org.testng.SuiteRunner.runTest(SuiteRunner.java:334)
	at org.testng.SuiteRunner.access$000(SuiteRunner.java:37)
	at org.testng.SuiteRunner$SuiteWorker.run(SuiteRunner.java:368)
	at org.testng.internal.thread.ThreadUtil$2.call(ThreadUtil.java:64)
	at java.util.concurrent.FutureTask.run(Unknown Source)
	at java.util.concurrent.ThreadPoolExecutor.runWorker(Unknown Source)
	at java.util.concurrent.ThreadPoolExecutor$Worker.run(Unknown Source)
	at java.lang.Thread.run(Unknown Source)
]]>
            </full-stacktrace>
          </exception> <!-- org.openqa.selenium.TimeoutException -->
          <reporter-output>
          </reporter-output>
        </test-method> <!-- BrowserInitialisation -->
        <test-method status="SKIP" signature="report()[pri:0, instance:com.zmarta.testcases.LoanPagetest@5c3bd550]" name="report" is-config="true" duration-ms="0" started-at="2018-09-21T15:57:03Z" finished-at="2018-09-21T15:57:03Z">
          <reporter-output>
          </reporter-output>
        </test-method> <!-- report -->
        <test-method status="SKIP" signature="methodname(java.lang.reflect.Method)[pri:0, instance:com.zmarta.testcases.LoanPagetest@5c3bd550]" name="methodname" is-config="true" duration-ms="0" started-at="2018-09-21T15:57:04Z" finished-at="2018-09-21T15:57:04Z">
          <reporter-output>
          </reporter-output>
        </test-method> <!-- methodname -->
        <test-method status="SKIP" signature="setup()[pri:0, instance:com.zmarta.testcases.LoanPagetest@5c3bd550]" name="setup" is-config="true" duration-ms="0" started-at="2018-09-21T15:57:04Z" finished-at="2018-09-21T15:57:04Z">
          <reporter-output>
          </reporter-output>
        </test-method> <!-- setup -->
        <test-method status="SKIP" signature="verifylogin(java.lang.String, java.lang.String)[pri:0, instance:com.zmarta.testcases.LoanPagetest@5c3bd550]" name="verifylogin" duration-ms="1" started-at="2018-09-21T15:57:04Z" data-provider="testdata" finished-at="2018-09-21T15:57:04Z">
          <params>
            <param index="0">
              <value>
                <![CDATA[Abhinath]]>
              </value>
            </param>
            <param index="1">
              <value>
                <![CDATA[Binish]]>
              </value>
            </param>
          </params>
          <reporter-output>
          </reporter-output>
        </test-method> <!-- verifylogin -->
        <test-method status="SKIP" signature="tearDown(org.testng.ITestResult)[pri:0, instance:com.zmarta.testcases.LoanPagetest@5c3bd550]" name="tearDown" is-config="true" duration-ms="0" started-at="2018-09-21T15:57:04Z" finished-at="2018-09-21T15:57:04Z">
          <reporter-output>
          </reporter-output>
        </test-method> <!-- tearDown -->
        <test-method status="SKIP" signature="methodname(java.lang.reflect.Method)[pri:0, instance:com.zmarta.testcases.LoanPagetest@5c3bd550]" name="methodname" is-config="true" duration-ms="0" started-at="2018-09-21T15:57:04Z" finished-at="2018-09-21T15:57:04Z">
          <reporter-output>
          </reporter-output>
        </test-method> <!-- methodname -->
        <test-method status="SKIP" signature="setup()[pri:0, instance:com.zmarta.testcases.LoanPagetest@5c3bd550]" name="setup" is-config="true" duration-ms="0" started-at="2018-09-21T15:57:04Z" finished-at="2018-09-21T15:57:04Z">
          <reporter-output>
          </reporter-output>
        </test-method> <!-- setup -->
        <test-method status="SKIP" signature="verifylogin(java.lang.String, java.lang.String)[pri:0, instance:com.zmarta.testcases.LoanPagetest@5c3bd550]" name="verifylogin" duration-ms="1" started-at="2018-09-21T15:57:04Z" data-provider="testdata" finished-at="2018-09-21T15:57:04Z">
          <params>
            <param index="0">
              <value>
                <![CDATA[Harish]]>
              </value>
            </param>
            <param index="1">
              <value>
                <![CDATA[sooraj]]>
              </value>
            </param>
          </params>
          <reporter-output>
          </reporter-output>
        </test-method> <!-- verifylogin -->
        <test-method status="SKIP" signature="tearDown(org.testng.ITestResult)[pri:0, instance:com.zmarta.testcases.LoanPagetest@5c3bd550]" name="tearDown" is-config="true" duration-ms="0" started-at="2018-09-21T15:57:04Z" finished-at="2018-09-21T15:57:04Z">
          <reporter-output>
          </reporter-output>
        </test-method> <!-- tearDown -->
        <test-method status="SKIP" signature="methodname(java.lang.reflect.Method)[pri:0, instance:com.zmarta.testcases.LoanPagetest@5c3bd550]" name="methodname" is-config="true" duration-ms="0" started-at="2018-09-21T15:57:04Z" finished-at="2018-09-21T15:57:04Z">
          <reporter-output>
          </reporter-output>
        </test-method> <!-- methodname -->
        <test-method status="SKIP" signature="setup()[pri:0, instance:com.zmarta.testcases.LoanPagetest@5c3bd550]" name="setup" is-config="true" duration-ms="0" started-at="2018-09-21T15:57:04Z" finished-at="2018-09-21T15:57:04Z">
          <reporter-output>
          </reporter-output>
        </test-method> <!-- setup -->
        <test-method status="SKIP" signature="verifylogo()[pri:0, instance:com.zmarta.testcases.LoanPagetest@5c3bd550]" name="verifylogo" duration-ms="3" started-at="2018-09-21T15:57:04Z" finished-at="2018-09-21T15:57:04Z">
          <reporter-output>
          </reporter-output>
        </test-method> <!-- verifylogo -->
        <test-method status="SKIP" signature="tearDown(org.testng.ITestResult)[pri:0, instance:com.zmarta.testcases.LoanPagetest@5c3bd550]" name="tearDown" is-config="true" duration-ms="0" started-at="2018-09-21T15:57:04Z" finished-at="2018-09-21T15:57:04Z">
          <reporter-output>
          </reporter-output>
        </test-method> <!-- tearDown -->
        <test-method status="SKIP" signature="afterTest()[pri:0, instance:com.zmarta.testcases.LoanPagetest@5c3bd550]" name="afterTest" is-config="true" duration-ms="0" started-at="2018-09-21T15:57:04Z" finished-at="2018-09-21T15:57:04Z">
          <reporter-output>
          </reporter-output>
        </test-method> <!-- afterTest -->
        <test-method status="SKIP" signature="end()[pri:0, instance:com.zmarta.testcases.LoanPagetest@5c3bd550]" name="end" is-config="true" duration-ms="0" started-at="2018-09-21T15:57:04Z" depends-on-methods="com.zmarta.testcases.LoanPagetest.afterTest" finished-at="2018-09-21T15:57:04Z">
          <reporter-output>
          </reporter-output>
        </test-method> <!-- end -->
      </class> <!-- com.zmarta.testcases.LoanPagetest -->
    </test> <!-- ChromeTest -->
  </suite> <!-- ZmartaAutomationTestSuite -->
</testng-results>
