<?xml version="1.0" encoding="UTF-8"?>
<testng-results skipped="0" failed="0" total="2" passed="2">
  <reporter-output>
  </reporter-output>
  <suite name="Suite" duration-ms="96040" started-at="2018-09-05T09:37:34Z" finished-at="2018-09-05T09:39:10Z">
    <groups>
    </groups>
    <test name="Test" duration-ms="96040" started-at="2018-09-05T09:37:34Z" finished-at="2018-09-05T09:39:10Z">
      <class name="com.seleniumdata.zmartano.LoanDetails">
        <test-method status="PASS" signature="ConfigReader()[pri:0, instance:com.seleniumdata.zmartano.LoanDetails@59f99ea]" name="ConfigReader" is-config="true" duration-ms="12" started-at="2018-09-05T15:07:34Z" finished-at="2018-09-05T15:07:34Z">
          <reporter-output>
          </reporter-output>
        </test-method> <!-- ConfigReader -->
        <test-method status="PASS" signature="GetBrowser(java.lang.String)[pri:0, instance:com.seleniumdata.zmartano.LoanDetails@59f99ea]" name="GetBrowser" is-config="true" duration-ms="42562" started-at="2018-09-05T15:07:34Z" finished-at="2018-09-05T15:08:16Z">
          <params>
            <param index="0">
              <value>
                <![CDATA[chrome]]>
              </value>
            </param>
          </params>
          <reporter-output>
          </reporter-output>
        </test-method> <!-- GetBrowser -->
        <test-method status="PASS" signature="verifylogin(java.lang.String, java.lang.String)[pri:0, instance:com.seleniumdata.zmartano.LoanDetails@59f99ea]" name="verifylogin" duration-ms="29758" started-at="2018-09-05T15:08:17Z" data-provider="testdata" finished-at="2018-09-05T15:08:47Z">
          <params>
            <param index="0">
              <value>
                <![CDATA[Abhinath]]>
              </value>
            </param>
            <param index="1">
              <value>
                <![CDATA[Binish]]>
              </value>
            </param>
          </params>
          <reporter-output>
          </reporter-output>
        </test-method> <!-- verifylogin -->
        <test-method status="PASS" signature="verifylogin(java.lang.String, java.lang.String)[pri:0, instance:com.seleniumdata.zmartano.LoanDetails@59f99ea]" name="verifylogin" duration-ms="23112" started-at="2018-09-05T15:08:47Z" data-provider="testdata" finished-at="2018-09-05T15:09:10Z">
          <params>
            <param index="0">
              <value>
                <![CDATA[Ajith]]>
              </value>
            </param>
            <param index="1">
              <value>
                <![CDATA[Harish]]>
              </value>
            </param>
          </params>
          <reporter-output>
          </reporter-output>
        </test-method> <!-- verifylogin -->
        <test-method status="PASS" signature="afterTest()[pri:0, instance:com.seleniumdata.zmartano.LoanDetails@59f99ea]" name="afterTest" is-config="true" duration-ms="0" started-at="2018-09-05T15:09:10Z" finished-at="2018-09-05T15:09:10Z">
          <reporter-output>
          </reporter-output>
        </test-method> <!-- afterTest -->
      </class> <!-- com.seleniumdata.zmartano.LoanDetails -->
    </test> <!-- Test -->
  </suite> <!-- Suite -->
</testng-results>
